14:34:19,112> [INFO ] P inited
14:34:19,127> [INFO ] Proxy opened, master=true
14:34:19,127> [INFO ] Proxy opened, master=true
14:34:20,016> [INFO ] IO TcpServer inited, port=12710
14:34:20,042> [INFO ] IOTcpServerSett{port=12710, activeClientsCheckPeriod[mills]=5000, serverCodeName=, txLoopMills=500, rxLoopMills=1, logger=IfsfProt, maxCountOfOutMsgsInQueue=1000, outMsgSizePrintConstrain=-1, inMsgSizePrintConstrain=-1, startTxThread=true, startRxThread=true}
14:34:20,043> [INFO ] DevProxyS IO TcpServer inited, port=20007
14:34:20,043> [INFO ] IOTcpServerSett{port=20007, activeClientsCheckPeriod[mills]=5000, serverCodeName=DevProxyS , txLoopMills=500, rxLoopMills=1, logger=IfsfProt, maxCountOfOutMsgsInQueue=1000, outMsgSizePrintConstrain=-1, inMsgSizePrintConstrain=-1, startTxThread=true, startRxThread=true}
14:34:23,449> [INFO ] IOTcpServerClientSett{rxBuffer=67584, closeInactiveConnection=true, inactivityTimeoutSec=18, monitorActivityOnTx=false, monitorActivityOnRx=true, serverCodeName=, txLoopMills=5, rxLoopMills=1, logger=IfsfProt, maxCountOfOutMsgsInQueue=1000, outMsgSizePrintConstrain=-1, inMsgSizePrintConstrain=-1, startTxThread=true, startRxThread=true}
14:34:23,449> [INFO ] IO[/10.0.1.96:57346] inited, connId=1, SO_RCVBUF=65536
14:34:23,450> [INFO ] IO TcpServer client /10.0.1.96:57346 connected count=1
14:34:23,502> [INFO ] P Tx: DIAGNOSIS OK(TO_BE_PROCESSED|rId:1|REQ)
14:34:23,536> [INFO ] XML Tx: <?xml version="1.0" encoding="UTF-8"?>
<ServiceRequest RequestType="Diagnosis" RequestID="1" ApplicationSender="POSsell1" WorkstationID="P01">
  <POSdata LanguageCode="cs">
    <POSTimeStamp>2026-01-12T14:34:23-01:00</POSTimeStamp>
    <DiagnosisMethod>Local</DiagnosisMethod>
  </POSdata>
</ServiceRequest>

14:34:23,537> [DEBUG] IO ADD (len=293): 00 00 01 21 3C 3F 78 6D 6C 20 76 65 72 73 69 6F 6E 3D 22 31 2E 30 22 20 65 6E 63 6F 64 69 6E 67 3D 22 55 54 46 2D 38 22 3F 3E 3C 53 65 72 76 69 63 65 52 65 71 75 65 73 74 20 52 65 71 75 65 73 74 54 79 70 65 3D 22 44 69 61 67 6E 6F 73 69 73 22 20 52 65 71 75 65 73 74 49 44 3D 22 31 22 20 41 70 70 6C 69 63 61 74 69 6F 6E 53 65 6E 64 65 72 3D 22 50 4F 53 73 65 6C 6C 31 22 20 57 6F 72 6B 73 74 61 74 69 6F 6E 49 44 3D 22 50 30 31 22 3E 3C 50 4F 53 64 61 74 61 20 4C 61 6E 67 75 61 67 65 43 6F 64 65 3D 22 63 73 22 3E 3C 50 4F 53 54 69 6D 65 53 74 61 6D 70 3E 32 30 32 36 2D 30 31 2D 31 32 54 31 34 3A 33 34 3A 32 33 2D 30 31 3A 30 30 3C 2F 50 4F 53 54 69 6D 65 53 74 61 6D 70 3E 3C 44 69 61 67 6E 6F 73 69 73 4D 65 74 68 6F 64 3E 4C 6F 63 61 6C 3C 2F 44 69 61 67 6E 6F 73 69 73 4D 65 74 68 6F 64 3E 3C 2F 50 4F 53 64 61 74 61 3E 3C 2F 53 65 72 76 69 63 65 52 65 71 75 65 73 74 3E 
14:34:23,541> [DEBUG] IO[/10.0.1.96:57346] Tx msg, connId=1, len=293 : 00 00 01 21 3C 3F 78 6D 6C 20 76 65 72 73 69 6F 6E 3D 22 31 2E 30 22 20 65 6E 63 6F 64 69 6E 67 3D 22 55 54 46 2D 38 22 3F 3E 3C 53 65 72 76 69 63 65 52 65 71 75 65 73 74 20 52 65 71 75 65 73 74 54 79 70 65 3D 22 44 69 61 67 6E 6F 73 69 73 22 20 52 65 71 75 65 73 74 49 44 3D 22 31 22 20 41 70 70 6C 69 63 61 74 69 6F 6E 53 65 6E 64 65 72 3D 22 50 4F 53 73 65 6C 6C 31 22 20 57 6F 72 6B 73 74 61 74 69 6F 6E 49 44 3D 22 50 30 31 22 3E 3C 50 4F 53 64 61 74 61 20 4C 61 6E 67 75 61 67 65 43 6F 64 65 3D 22 63 73 22 3E 3C 50 4F 53 54 69 6D 65 53 74 61 6D 70 3E 32 30 32 36 2D 30 31 2D 31 32 54 31 34 3A 33 34 3A 32 33 2D 30 31 3A 30 30 3C 2F 50 4F 53 54 69 6D 65 53 74 61 6D 70 3E 3C 44 69 61 67 6E 6F 73 69 73 4D 65 74 68 6F 64 3E 4C 6F 63 61 6C 3C 2F 44 69 61 67 6E 6F 73 69 73 4D 65 74 68 6F 64 3E 3C 2F 50 4F 53 64 61 74 61 3E 3C 2F 53 65 72 76 69 63 65 52 65 71 75 65 73 74 3E 
14:34:23,541> [DEBUG] IO REM_OUTG: COMPLETE, len=293
14:34:23,655> [DEBUG] IO[/10.0.1.96:57346] Rx msg, connId=1, len=815 : 00 00 03 2B 3C 3F 78 6D 6C 20 76 65 72 73 69 6F 6E 3D 22 31 2E 30 22 20 65 6E 63 6F 64 69 6E 67 3D 22 55 54 46 2D 38 22 20 73 74 61 6E 64 61 6C 6F 6E 65 3D 22 6E 6F 22 3F 3E 3C 53 65 72 76 69 63 65 52 65 73 70 6F 6E 73 65 20 52 65 71 75 65 73 74 54 79 70 65 3D 22 44 69 61 67 6E 6F 73 69 73 22 20 4F 76 65 72 61 6C 6C 52 65 73 75 6C 74 3D 22 53 75 63 63 65 73 73 22 20 52 65 71 75 65 73 74 49 44 3D 22 31 22 20 41 70 70 6C 69 63 61 74 69 6F 6E 53 65 6E 64 65 72 3D 22 50 4F 53 73 65 6C 6C 31 22 20 57 6F 72 6B 73 74 61 74 69 6F 6E 49 44 3D 22 50 30 31 22 20 78 6D 6C 6E 73 3D 22 68 74 74 70 3A 2F 2F 77 77 77 2E 6E 72 66 2D 61 72 74 73 2E 6F 72 67 2F 49 58 52 65 74 61 69 6C 2F 6E 61 6D 65 73 70 61 63 65 22 20 78 6D 6C 6E 73 3A 49 46 53 46 3D 22 68 74 74 70 3A 2F 2F 77 77 77 2E 69 66 73 66 2E 6F 72 67 2F 22 20 78 6D 6C 6E 73 3A 78 73 69 3D 22 68 74 74 70 3A 2F 2F 77 77 77 2E 77 33 2E 6F 72 67 2F 32 30 30 31 2F 58 4D 4C 53 63 68 65 6D 61 2D 69 6E 73 74 61 6E 63 65 22 20 78 73 69 3A 73 63 68 65 6D 61 4C 6F 63 61 74 69 6F 6E 3D 22 68 74 74 70 3A 2F 2F 77 77 77 2E 6E 72 66 2D 61 72 74 73 2E 6F 72 67 2F 49 58 52 65 74 61 69 6C 2F 6E 61 6D 65 73 70 61 63 65 20 53 65 72 76 69 63 65 52 65 73 70 6F 6E 73 65 2E 78 73 64 22 3E 3C 54 65 72 6D 69 6E 61 6C 20 54 65 72 6D 69 6E 61 6C 49 44 3D 22 54 45 53 54 34 34 30 33 22 20 2F 3E 3C 44 69 61 67 6E 6F 73 69 73 52 65 73 75 6C 74 3E 3C 2F 44 69 61 67 6E 6F 73 69 73 52 65 73 75 6C 74 3E 3C 50 72 69 76 61 74 65 44 61 74 61 3E 48 57 3D 54 53 4E 33 30 33 31 32 37 30 30 41 3B 53 4E 3D 32 35 30 36 39 37 33 31 33 30 33 31 32 37 30 30 35 37 36 35 38 32 35 39 3B 4F 53 3D 31 34 2E 30 34 2E 30 32 3B 46 52 45 45 52 41 4D 3D 38 35 36 32 31 39 36 34 38 3B 4C 41 53 54 54 4D 53 3D 32 30 32 35 31 31 31 32 31 30 30 35 33 32 3B 4C 41 53 54 53 54 41 52 54 3D 32 30 32 36 30 31 31 32 30 38 34 35 35 38 3B 4C 41 53 54 54 4D 53 53 54 41 52 54 3D 32 30 32 35 31 31 31 32 31 30 30 34 32 31 3B 4C 41 53 54 54 4D 53 41 43 3D 52 53 4D 20 73 65 73 73 69 6F 6E 20 4F 4B 2C 54 45 4D 20 53 65 73 73 69 6F 6E 20 4F 4B 3B 43 53 4F 42 5F 50 41 59 3D 38 35 31 33 34 30 36 36 30 37 2E 54 33 41 3B 4D 41 53 54 45 52 3D 38 35 31 33 34 31 36 36 30 37 2E 54 33 41 3B 54 52 41 4E 53 49 54 3D 38 35 34 32 33 38 36 36 30 37 2E 54 33 41 3B 4C 41 53 54 44 45 4E 59 4C 3D 32 30 32 36 30 31 31 32 30 39 30 30 34 35 3B 56 46 3D 54 72 75 65 3B 3C 2F 50 72 69 76 61 74 65 44 61 74 61 3E 3C 2F 53 65 72 76 69 63 65 52 65 73 70 6F 6E 73 65 3E 
14:34:23,671> [INFO ] P Rx DIAGNOSIS w: null(n-a), in: OK(COMPLETE|rId:1|RES)
14:34:23,677> [INFO ] XML Rx: <?xml version="1.0" encoding="UTF-8"?>
<ServiceResponse xmlns="http://www.nrf-arts.org/IXRetail/namespace" RequestType="Diagnosis" OverallResult="Success" RequestID="1" ApplicationSender="POSsell1" WorkstationID="P01" xmlns:IFSF="http://www.ifsf.org/" xmlns:xsi="http://www.w3.org/2001/XMLSchema-instance" xsi:schemaLocation="http://www.nrf-arts.org/IXRetail/namespace ServiceResponse.xsd">
  <Terminal TerminalID="TEST4403"/>
  <DiagnosisResult/>
  <PrivateData>HW=TSN30312700A;SN=250697313031270057658259;OS=14.04.02;FREERAM=856219648;LASTTMS=20251112100532;LASTSTART=20260112084558;LASTTMSSTART=20251112100421;LASTTMSAC=RSM session OK,TEM Session OK;CSOB_PAY=8513406607.T3A;MASTER=8513416607.T3A;TRANSIT=8542386607.T3A;LASTDENYL=20260112090045;VF=True;</PrivateData>
</ServiceResponse>

14:34:28,540> [DEBUG] IO ADD (len=2): FF FF 
14:34:28,542> [DEBUG] IO[/10.0.1.96:57346] Tx msg, connId=1, len=2 : FF FF 
14:34:28,543> [DEBUG] IO REM_OUTG: COMPLETE, len=2
14:34:30,455> [INFO ] P Tx: DIAGNOSIS OK(TO_BE_PROCESSED|rId:2|REQ)
14:34:30,458> [INFO ] XML Tx: <?xml version="1.0" encoding="UTF-8"?>
<ServiceRequest RequestType="Diagnosis" RequestID="2" ApplicationSender="POSsell1" WorkstationID="P01">
  <POSdata LanguageCode="cs">
    <POSTimeStamp>2026-01-12T14:34:30-01:00</POSTimeStamp>
    <DiagnosisMethod>Local</DiagnosisMethod>
  </POSdata>
</ServiceRequest>

14:34:30,459> [DEBUG] IO ADD (len=293): 00 00 01 21 3C 3F 78 6D 6C 20 76 65 72 73 69 6F 6E 3D 22 31 2E 30 22 20 65 6E 63 6F 64 69 6E 67 3D 22 55 54 46 2D 38 22 3F 3E 3C 53 65 72 76 69 63 65 52 65 71 75 65 73 74 20 52 65 71 75 65 73 74 54 79 70 65 3D 22 44 69 61 67 6E 6F 73 69 73 22 20 52 65 71 75 65 73 74 49 44 3D 22 32 22 20 41 70 70 6C 69 63 61 74 69 6F 6E 53 65 6E 64 65 72 3D 22 50 4F 53 73 65 6C 6C 31 22 20 57 6F 72 6B 73 74 61 74 69 6F 6E 49 44 3D 22 50 30 31 22 3E 3C 50 4F 53 64 61 74 61 20 4C 61 6E 67 75 61 67 65 43 6F 64 65 3D 22 63 73 22 3E 3C 50 4F 53 54 69 6D 65 53 74 61 6D 70 3E 32 30 32 36 2D 30 31 2D 31 32 54 31 34 3A 33 34 3A 33 30 2D 30 31 3A 30 30 3C 2F 50 4F 53 54 69 6D 65 53 74 61 6D 70 3E 3C 44 69 61 67 6E 6F 73 69 73 4D 65 74 68 6F 64 3E 4C 6F 63 61 6C 3C 2F 44 69 61 67 6E 6F 73 69 73 4D 65 74 68 6F 64 3E 3C 2F 50 4F 53 64 61 74 61 3E 3C 2F 53 65 72 76 69 63 65 52 65 71 75 65 73 74 3E 
14:34:30,460> [DEBUG] IO[/10.0.1.96:57346] Tx msg, connId=1, len=293 : 00 00 01 21 3C 3F 78 6D 6C 20 76 65 72 73 69 6F 6E 3D 22 31 2E 30 22 20 65 6E 63 6F 64 69 6E 67 3D 22 55 54 46 2D 38 22 3F 3E 3C 53 65 72 76 69 63 65 52 65 71 75 65 73 74 20 52 65 71 75 65 73 74 54 79 70 65 3D 22 44 69 61 67 6E 6F 73 69 73 22 20 52 65 71 75 65 73 74 49 44 3D 22 32 22 20 41 70 70 6C 69 63 61 74 69 6F 6E 53 65 6E 64 65 72 3D 22 50 4F 53 73 65 6C 6C 31 22 20 57 6F 72 6B 73 74 61 74 69 6F 6E 49 44 3D 22 50 30 31 22 3E 3C 50 4F 53 64 61 74 61 20 4C 61 6E 67 75 61 67 65 43 6F 64 65 3D 22 63 73 22 3E 3C 50 4F 53 54 69 6D 65 53 74 61 6D 70 3E 32 30 32 36 2D 30 31 2D 31 32 54 31 34 3A 33 34 3A 33 30 2D 30 31 3A 30 30 3C 2F 50 4F 53 54 69 6D 65 53 74 61 6D 70 3E 3C 44 69 61 67 6E 6F 73 69 73 4D 65 74 68 6F 64 3E 4C 6F 63 61 6C 3C 2F 44 69 61 67 6E 6F 73 69 73 4D 65 74 68 6F 64 3E 3C 2F 50 4F 53 64 61 74 61 3E 3C 2F 53 65 72 76 69 63 65 52 65 71 75 65 73 74 3E 
14:34:30,460> [DEBUG] IO REM_OUTG: COMPLETE, len=293
14:34:31,609> [DEBUG] IO[/10.0.1.96:57346] Rx msg, connId=1, len=815 : 00 00 03 2B 3C 3F 78 6D 6C 20 76 65 72 73 69 6F 6E 3D 22 31 2E 30 22 20 65 6E 63 6F 64 69 6E 67 3D 22 55 54 46 2D 38 22 20 73 74 61 6E 64 61 6C 6F 6E 65 3D 22 6E 6F 22 3F 3E 3C 53 65 72 76 69 63 65 52 65 73 70 6F 6E 73 65 20 52 65 71 75 65 73 74 54 79 70 65 3D 22 44 69 61 67 6E 6F 73 69 73 22 20 4F 76 65 72 61 6C 6C 52 65 73 75 6C 74 3D 22 53 75 63 63 65 73 73 22 20 52 65 71 75 65 73 74 49 44 3D 22 32 22 20 41 70 70 6C 69 63 61 74 69 6F 6E 53 65 6E 64 65 72 3D 22 50 4F 53 73 65 6C 6C 31 22 20 57 6F 72 6B 73 74 61 74 69 6F 6E 49 44 3D 22 50 30 31 22 20 78 6D 6C 6E 73 3D 22 68 74 74 70 3A 2F 2F 77 77 77 2E 6E 72 66 2D 61 72 74 73 2E 6F 72 67 2F 49 58 52 65 74 61 69 6C 2F 6E 61 6D 65 73 70 61 63 65 22 20 78 6D 6C 6E 73 3A 49 46 53 46 3D 22 68 74 74 70 3A 2F 2F 77 77 77 2E 69 66 73 66 2E 6F 72 67 2F 22 20 78 6D 6C 6E 73 3A 78 73 69 3D 22 68 74 74 70 3A 2F 2F 77 77 77 2E 77 33 2E 6F 72 67 2F 32 30 30 31 2F 58 4D 4C 53 63 68 65 6D 61 2D 69 6E 73 74 61 6E 63 65 22 20 78 73 69 3A 73 63 68 65 6D 61 4C 6F 63 61 74 69 6F 6E 3D 22 68 74 74 70 3A 2F 2F 77 77 77 2E 6E 72 66 2D 61 72 74 73 2E 6F 72 67 2F 49 58 52 65 74 61 69 6C 2F 6E 61 6D 65 73 70 61 63 65 20 53 65 72 76 69 63 65 52 65 73 70 6F 6E 73 65 2E 78 73 64 22 3E 3C 54 65 72 6D 69 6E 61 6C 20 54 65 72 6D 69 6E 61 6C 49 44 3D 22 54 45 53 54 34 34 30 33 22 20 2F 3E 3C 44 69 61 67 6E 6F 73 69 73 52 65 73 75 6C 74 3E 3C 2F 44 69 61 67 6E 6F 73 69 73 52 65 73 75 6C 74 3E 3C 50 72 69 76 61 74 65 44 61 74 61 3E 48 57 3D 54 53 4E 33 30 33 31 32 37 30 30 41 3B 53 4E 3D 32 35 30 36 39 37 33 31 33 30 33 31 32 37 30 30 35 37 36 35 38 32 35 39 3B 4F 53 3D 31 34 2E 30 34 2E 30 32 3B 46 52 45 45 52 41 4D 3D 38 35 36 32 36 30 36 30 38 3B 4C 41 53 54 54 4D 53 3D 32 30 32 35 31 31 31 32 31 30 30 35 33 32 3B 4C 41 53 54 53 54 41 52 54 3D 32 30 32 36 30 31 31 32 30 38 34 35 35 38 3B 4C 41 53 54 54 4D 53 53 54 41 52 54 3D 32 30 32 35 31 31 31 32 31 30 30 34 32 31 3B 4C 41 53 54 54 4D 53 41 43 3D 52 53 4D 20 73 65 73 73 69 6F 6E 20 4F 4B 2C 54 45 4D 20 53 65 73 73 69 6F 6E 20 4F 4B 3B 43 53 4F 42 5F 50 41 59 3D 38 35 31 33 34 30 36 36 30 37 2E 54 33 41 3B 4D 41 53 54 45 52 3D 38 35 31 33 34 31 36 36 30 37 2E 54 33 41 3B 54 52 41 4E 53 49 54 3D 38 35 34 32 33 38 36 36 30 37 2E 54 33 41 3B 4C 41 53 54 44 45 4E 59 4C 3D 32 30 32 36 30 31 31 32 30 39 30 30 34 35 3B 56 46 3D 54 72 75 65 3B 3C 2F 50 72 69 76 61 74 65 44 61 74 61 3E 3C 2F 53 65 72 76 69 63 65 52 65 73 70 6F 6E 73 65 3E 
14:34:31,613> [INFO ] P Rx DIAGNOSIS w: null(n-a), in: OK(COMPLETE|rId:2|RES)
14:34:31,615> [INFO ] XML Rx: <?xml version="1.0" encoding="UTF-8"?>
<ServiceResponse xmlns="http://www.nrf-arts.org/IXRetail/namespace" RequestType="Diagnosis" OverallResult="Success" RequestID="2" ApplicationSender="POSsell1" WorkstationID="P01" xmlns:IFSF="http://www.ifsf.org/" xmlns:xsi="http://www.w3.org/2001/XMLSchema-instance" xsi:schemaLocation="http://www.nrf-arts.org/IXRetail/namespace ServiceResponse.xsd">
  <Terminal TerminalID="TEST4403"/>
  <DiagnosisResult/>
  <PrivateData>HW=TSN30312700A;SN=250697313031270057658259;OS=14.04.02;FREERAM=856260608;LASTTMS=20251112100532;LASTSTART=20260112084558;LASTTMSSTART=20251112100421;LASTTMSAC=RSM session OK,TEM Session OK;CSOB_PAY=8513406607.T3A;MASTER=8513416607.T3A;TRANSIT=8542386607.T3A;LASTDENYL=20260112090045;VF=True;</PrivateData>
</ServiceResponse>

14:34:35,460> [DEBUG] IO ADD (len=2): FF FF 
14:34:35,464> [DEBUG] IO[/10.0.1.96:57346] Tx msg, connId=1, len=2 : FF FF 
14:34:35,464> [DEBUG] IO REM_OUTG: COMPLETE, len=2
14:34:37,456> [INFO ] P Tx: DIAGNOSIS OK(TO_BE_PROCESSED|rId:3|REQ)
14:34:37,459> [INFO ] XML Tx: <?xml version="1.0" encoding="UTF-8"?>
<ServiceRequest RequestType="Diagnosis" RequestID="3" ApplicationSender="POSsell1" WorkstationID="P01">
  <POSdata LanguageCode="cs">
    <POSTimeStamp>2026-01-12T14:34:37-01:00</POSTimeStamp>
    <DiagnosisMethod>Local</DiagnosisMethod>
  </POSdata>
</ServiceRequest>

14:34:37,460> [DEBUG] IO ADD (len=293): 00 00 01 21 3C 3F 78 6D 6C 20 76 65 72 73 69 6F 6E 3D 22 31 2E 30 22 20 65 6E 63 6F 64 69 6E 67 3D 22 55 54 46 2D 38 22 3F 3E 3C 53 65 72 76 69 63 65 52 65 71 75 65 73 74 20 52 65 71 75 65 73 74 54 79 70 65 3D 22 44 69 61 67 6E 6F 73 69 73 22 20 52 65 71 75 65 73 74 49 44 3D 22 33 22 20 41 70 70 6C 69 63 61 74 69 6F 6E 53 65 6E 64 65 72 3D 22 50 4F 53 73 65 6C 6C 31 22 20 57 6F 72 6B 73 74 61 74 69 6F 6E 49 44 3D 22 50 30 31 22 3E 3C 50 4F 53 64 61 74 61 20 4C 61 6E 67 75 61 67 65 43 6F 64 65 3D 22 63 73 22 3E 3C 50 4F 53 54 69 6D 65 53 74 61 6D 70 3E 32 30 32 36 2D 30 31 2D 31 32 54 31 34 3A 33 34 3A 33 37 2D 30 31 3A 30 30 3C 2F 50 4F 53 54 69 6D 65 53 74 61 6D 70 3E 3C 44 69 61 67 6E 6F 73 69 73 4D 65 74 68 6F 64 3E 4C 6F 63 61 6C 3C 2F 44 69 61 67 6E 6F 73 69 73 4D 65 74 68 6F 64 3E 3C 2F 50 4F 53 64 61 74 61 3E 3C 2F 53 65 72 76 69 63 65 52 65 71 75 65 73 74 3E 
14:34:37,460> [DEBUG] IO[/10.0.1.96:57346] Tx msg, connId=1, len=293 : 00 00 01 21 3C 3F 78 6D 6C 20 76 65 72 73 69 6F 6E 3D 22 31 2E 30 22 20 65 6E 63 6F 64 69 6E 67 3D 22 55 54 46 2D 38 22 3F 3E 3C 53 65 72 76 69 63 65 52 65 71 75 65 73 74 20 52 65 71 75 65 73 74 54 79 70 65 3D 22 44 69 61 67 6E 6F 73 69 73 22 20 52 65 71 75 65 73 74 49 44 3D 22 33 22 20 41 70 70 6C 69 63 61 74 69 6F 6E 53 65 6E 64 65 72 3D 22 50 4F 53 73 65 6C 6C 31 22 20 57 6F 72 6B 73 74 61 74 69 6F 6E 49 44 3D 22 50 30 31 22 3E 3C 50 4F 53 64 61 74 61 20 4C 61 6E 67 75 61 67 65 43 6F 64 65 3D 22 63 73 22 3E 3C 50 4F 53 54 69 6D 65 53 74 61 6D 70 3E 32 30 32 36 2D 30 31 2D 31 32 54 31 34 3A 33 34 3A 33 37 2D 30 31 3A 30 30 3C 2F 50 4F 53 54 69 6D 65 53 74 61 6D 70 3E 3C 44 69 61 67 6E 6F 73 69 73 4D 65 74 68 6F 64 3E 4C 6F 63 61 6C 3C 2F 44 69 61 67 6E 6F 73 69 73 4D 65 74 68 6F 64 3E 3C 2F 50 4F 53 64 61 74 61 3E 3C 2F 53 65 72 76 69 63 65 52 65 71 75 65 73 74 3E 
14:34:37,460> [DEBUG] IO REM_OUTG: COMPLETE, len=293
14:34:37,553> [DEBUG] IO[/10.0.1.96:57346] Rx msg, connId=1, len=815 : 00 00 03 2B 3C 3F 78 6D 6C 20 76 65 72 73 69 6F 6E 3D 22 31 2E 30 22 20 65 6E 63 6F 64 69 6E 67 3D 22 55 54 46 2D 38 22 20 73 74 61 6E 64 61 6C 6F 6E 65 3D 22 6E 6F 22 3F 3E 3C 53 65 72 76 69 63 65 52 65 73 70 6F 6E 73 65 20 52 65 71 75 65 73 74 54 79 70 65 3D 22 44 69 61 67 6E 6F 73 69 73 22 20 4F 76 65 72 61 6C 6C 52 65 73 75 6C 74 3D 22 53 75 63 63 65 73 73 22 20 52 65 71 75 65 73 74 49 44 3D 22 33 22 20 41 70 70 6C 69 63 61 74 69 6F 6E 53 65 6E 64 65 72 3D 22 50 4F 53 73 65 6C 6C 31 22 20 57 6F 72 6B 73 74 61 74 69 6F 6E 49 44 3D 22 50 30 31 22 20 78 6D 6C 6E 73 3D 22 68 74 74 70 3A 2F 2F 77 77 77 2E 6E 72 66 2D 61 72 74 73 2E 6F 72 67 2F 49 58 52 65 74 61 69 6C 2F 6E 61 6D 65 73 70 61 63 65 22 20 78 6D 6C 6E 73 3A 49 46 53 46 3D 22 68 74 74 70 3A 2F 2F 77 77 77 2E 69 66 73 66 2E 6F 72 67 2F 22 20 78 6D 6C 6E 73 3A 78 73 69 3D 22 68 74 74 70 3A 2F 2F 77 77 77 2E 77 33 2E 6F 72 67 2F 32 30 30 31 2F 58 4D 4C 53 63 68 65 6D 61 2D 69 6E 73 74 61 6E 63 65 22 20 78 73 69 3A 73 63 68 65 6D 61 4C 6F 63 61 74 69 6F 6E 3D 22 68 74 74 70 3A 2F 2F 77 77 77 2E 6E 72 66 2D 61 72 74 73 2E 6F 72 67 2F 49 58 52 65 74 61 69 6C 2F 6E 61 6D 65 73 70 61 63 65 20 53 65 72 76 69 63 65 52 65 73 70 6F 6E 73 65 2E 78 73 64 22 3E 3C 54 65 72 6D 69 6E 61 6C 20 54 65 72 6D 69 6E 61 6C 49 44 3D 22 54 45 53 54 34 34 30 33 22 20 2F 3E 3C 44 69 61 67 6E 6F 73 69 73 52 65 73 75 6C 74 3E 3C 2F 44 69 61 67 6E 6F 73 69 73 52 65 73 75 6C 74 3E 3C 50 72 69 76 61 74 65 44 61 74 61 3E 48 57 3D 54 53 4E 33 30 33 31 32 37 30 30 41 3B 53 4E 3D 32 35 30 36 39 37 33 31 33 30 33 31 32 37 30 30 35 37 36 35 38 32 35 39 3B 4F 53 3D 31 34 2E 30 34 2E 30 32 3B 46 52 45 45 52 41 4D 3D 38 35 36 32 37 36 39 39 32 3B 4C 41 53 54 54 4D 53 3D 32 30 32 35 31 31 31 32 31 30 30 35 33 32 3B 4C 41 53 54 53 54 41 52 54 3D 32 30 32 36 30 31 31 32 30 38 34 35 35 38 3B 4C 41 53 54 54 4D 53 53 54 41 52 54 3D 32 30 32 35 31 31 31 32 31 30 30 34 32 31 3B 4C 41 53 54 54 4D 53 41 43 3D 52 53 4D 20 73 65 73 73 69 6F 6E 20 4F 4B 2C 54 45 4D 20 53 65 73 73 69 6F 6E 20 4F 4B 3B 43 53 4F 42 5F 50 41 59 3D 38 35 31 33 34 30 36 36 30 37 2E 54 33 41 3B 4D 41 53 54 45 52 3D 38 35 31 33 34 31 36 36 30 37 2E 54 33 41 3B 54 52 41 4E 53 49 54 3D 38 35 34 32 33 38 36 36 30 37 2E 54 33 41 3B 4C 41 53 54 44 45 4E 59 4C 3D 32 30 32 36 30 31 31 32 30 39 30 30 34 35 3B 56 46 3D 54 72 75 65 3B 3C 2F 50 72 69 76 61 74 65 44 61 74 61 3E 3C 2F 53 65 72 76 69 63 65 52 65 73 70 6F 6E 73 65 3E 
14:34:37,555> [INFO ] P Rx DIAGNOSIS w: null(n-a), in: OK(COMPLETE|rId:3|RES)
14:34:37,556> [INFO ] XML Rx: <?xml version="1.0" encoding="UTF-8"?>
<ServiceResponse xmlns="http://www.nrf-arts.org/IXRetail/namespace" RequestType="Diagnosis" OverallResult="Success" RequestID="3" ApplicationSender="POSsell1" WorkstationID="P01" xmlns:IFSF="http://www.ifsf.org/" xmlns:xsi="http://www.w3.org/2001/XMLSchema-instance" xsi:schemaLocation="http://www.nrf-arts.org/IXRetail/namespace ServiceResponse.xsd">
  <Terminal TerminalID="TEST4403"/>
  <DiagnosisResult/>
  <PrivateData>HW=TSN30312700A;SN=250697313031270057658259;OS=14.04.02;FREERAM=856276992;LASTTMS=20251112100532;LASTSTART=20260112084558;LASTTMSSTART=20251112100421;LASTTMSAC=RSM session OK,TEM Session OK;CSOB_PAY=8513406607.T3A;MASTER=8513416607.T3A;TRANSIT=8542386607.T3A;LASTDENYL=20260112090045;VF=True;</PrivateData>
</ServiceResponse>

14:34:39,555> [INFO ] P deinited
14:34:39,555> [INFO ] Proxy closed
14:34:39,555> [INFO ] Proxy closed
14:34:39,560> [INFO ] IO[/10.0.1.96:57346] closed, connId=1
14:34:39,560> [ERROR] DevProxyS IO TcpServer rx loop
java.net.SocketException: Socket closed
	at java.base/sun.nio.ch.NioSocketImpl.endAccept(Unknown Source)
	at java.base/sun.nio.ch.NioSocketImpl.accept(Unknown Source)
	at java.base/java.net.ServerSocket.implAccept(Unknown Source)
	at java.base/java.net.ServerSocket.platformImplAccept(Unknown Source)
	at java.base/java.net.ServerSocket.implAccept(Unknown Source)
	at java.base/java.net.ServerSocket.implAccept(Unknown Source)
	at java.base/java.net.ServerSocket.accept(Unknown Source)
	at jCommons.comm.io.access.IOTcpServerAccess.receiveLoop(IOTcpServerAccess.java:122)
	at jCommons.comm.io.access.IOAccessBase$1.run(IOAccessBase.java:40)
	at java.base/java.lang.Thread.run(Unknown Source)
14:34:39,560> [INFO ] DevProxyS IO TcpServer rx loop finished
14:34:39,561> [ERROR] IO[/10.0.1.96:57346] rx loop - SocketException, connId=1
java.net.SocketException: Socket closed
	at java.base/sun.nio.ch.NioSocketImpl.endRead(Unknown Source)
	at java.base/sun.nio.ch.NioSocketImpl.implRead(Unknown Source)
	at java.base/sun.nio.ch.NioSocketImpl.read(Unknown Source)
	at java.base/sun.nio.ch.NioSocketImpl$1.read(Unknown Source)
	at java.base/java.net.Socket$SocketInputStream.implRead(Unknown Source)
	at java.base/java.net.Socket$SocketInputStream.read(Unknown Source)
	at java.base/java.io.InputStream.read(Unknown Source)
	at jCommons.comm.io.access.IOTcpServerClientAccess.receiveLoop(IOTcpServerClientAccess.java:120)
	at jCommons.comm.io.access.IOAccessBase$1.run(IOAccessBase.java:40)
	at java.base/java.lang.Thread.run(Unknown Source)
14:34:39,561> [INFO ] IO[/10.0.1.96:57346] rx loop finished, connId=1
14:34:39,562> [INFO ] IO[/10.0.1.96:57346] tx loop finished, connId=1
14:34:39,565> [INFO ] IO[/10.0.1.96:57346] deinited, connId=1
14:34:39,565> [ERROR] IO TcpServer rx loop
java.net.SocketException: Socket closed
	at java.base/sun.nio.ch.NioSocketImpl.endAccept(Unknown Source)
	at java.base/sun.nio.ch.NioSocketImpl.accept(Unknown Source)
	at java.base/java.net.ServerSocket.implAccept(Unknown Source)
	at java.base/java.net.ServerSocket.platformImplAccept(Unknown Source)
	at java.base/java.net.ServerSocket.implAccept(Unknown Source)
	at java.base/java.net.ServerSocket.implAccept(Unknown Source)
	at java.base/java.net.ServerSocket.accept(Unknown Source)
	at jCommons.comm.io.access.IOTcpServerAccess.receiveLoop(IOTcpServerAccess.java:122)
	at jCommons.comm.io.access.IOAccessBase$1.run(IOAccessBase.java:40)
	at java.base/java.lang.Thread.run(Unknown Source)
14:34:39,566> [INFO ] IO TcpServer rx loop finished
